2015/08/31 21:19:46 [error] [exception.CHttpException.400] exception 'CHttpException' with message 'Twoje żądanie jest nieprawidłowe.' in C:\xampp\htdocs\yii\framework\web\CController.php:336
Stack trace:
#0 C:\xampp\htdocs\yii\framework\web\CController.php(309): CController->invalidActionParams(Object(CInlineAction))
#1 C:\xampp\htdocs\yii\framework\web\CController.php(286): CController->runAction(Object(CInlineAction))
#2 C:\xampp\htdocs\yii\framework\web\CController.php(265): CController->runActionWithFilters(Object(CInlineAction), Array)
#3 C:\xampp\htdocs\yii\framework\web\CWebApplication.php(282): CController->run('test')
#4 C:\xampp\htdocs\yii\framework\web\CWebApplication.php(141): CWebApplication->runController('user/test')
#5 C:\xampp\htdocs\yii\framework\base\CApplication.php(184): CWebApplication->processRequest()
#6 C:\xampp\htdocs\yii\test\index.php(13): CApplication->run()
#7 {main}
REQUEST_URI=/yii/test/index.php/user/test?name=Jacek
HTTP_REFERER=http://localhost/yii/test/user
---
2015/08/31 21:19:59 [error] [exception.CHttpException.400] exception 'CHttpException' with message 'Twoje żądanie jest nieprawidłowe.' in C:\xampp\htdocs\yii\framework\web\CController.php:336
Stack trace:
#0 C:\xampp\htdocs\yii\framework\web\CController.php(309): CController->invalidActionParams(Object(CInlineAction))
#1 C:\xampp\htdocs\yii\framework\web\CController.php(286): CController->runAction(Object(CInlineAction))
#2 C:\xampp\htdocs\yii\framework\web\CController.php(265): CController->runActionWithFilters(Object(CInlineAction), Array)
#3 C:\xampp\htdocs\yii\framework\web\CWebApplication.php(282): CController->run('test')
#4 C:\xampp\htdocs\yii\framework\web\CWebApplication.php(141): CWebApplication->runController('user/test')
#5 C:\xampp\htdocs\yii\framework\base\CApplication.php(184): CWebApplication->processRequest()
#6 C:\xampp\htdocs\yii\test\index.php(13): CApplication->run()
#7 {main}
REQUEST_URI=/yii/test/index.php/user/test?name=Jacek
HTTP_REFERER=http://localhost/yii/test/user
---
2015/08/31 21:20:52 [error] [exception.CHttpException.400] exception 'CHttpException' with message 'Twoje żądanie jest nieprawidłowe.' in C:\xampp\htdocs\yii\framework\web\CController.php:336
Stack trace:
#0 C:\xampp\htdocs\yii\framework\web\CController.php(309): CController->invalidActionParams(Object(CInlineAction))
#1 C:\xampp\htdocs\yii\framework\web\CController.php(286): CController->runAction(Object(CInlineAction))
#2 C:\xampp\htdocs\yii\framework\web\CController.php(265): CController->runActionWithFilters(Object(CInlineAction), Array)
#3 C:\xampp\htdocs\yii\framework\web\CWebApplication.php(282): CController->run('test')
#4 C:\xampp\htdocs\yii\framework\web\CWebApplication.php(141): CWebApplication->runController('user/test')
#5 C:\xampp\htdocs\yii\framework\base\CApplication.php(184): CWebApplication->processRequest()
#6 C:\xampp\htdocs\yii\test\index.php(13): CApplication->run()
#7 {main}
REQUEST_URI=/yii/test/index.php/user/test?name=Jacek
HTTP_REFERER=http://localhost/yii/test/user
---
2015/08/31 21:20:59 [error] [exception.CHttpException.400] exception 'CHttpException' with message 'Twoje żądanie jest nieprawidłowe.' in C:\xampp\htdocs\yii\framework\web\CController.php:336
Stack trace:
#0 C:\xampp\htdocs\yii\framework\web\CController.php(309): CController->invalidActionParams(Object(CInlineAction))
#1 C:\xampp\htdocs\yii\framework\web\CController.php(286): CController->runAction(Object(CInlineAction))
#2 C:\xampp\htdocs\yii\framework\web\CController.php(265): CController->runActionWithFilters(Object(CInlineAction), Array)
#3 C:\xampp\htdocs\yii\framework\web\CWebApplication.php(282): CController->run('test')
#4 C:\xampp\htdocs\yii\framework\web\CWebApplication.php(141): CWebApplication->runController('user/test')
#5 C:\xampp\htdocs\yii\framework\base\CApplication.php(184): CWebApplication->processRequest()
#6 C:\xampp\htdocs\yii\test\index.php(13): CApplication->run()
#7 {main}
REQUEST_URI=/yii/test/index.php/user/test
HTTP_REFERER=http://localhost/yii/test/user
---
2015/08/31 21:21:18 [error] [php] Undefined variable: param (C:\xampp\htdocs\yii\test\protected\views\User\test.php:4)
Stack trace:
#0 C:\xampp\htdocs\yii\framework\web\CController.php(869): UserController->renderFile()
#1 C:\xampp\htdocs\yii\framework\web\CController.php(782): UserController->renderPartial()
#2 C:\xampp\htdocs\yii\test\protected\controllers\UserController.php(41): UserController->render()
#3 C:\xampp\htdocs\yii\framework\web\actions\CInlineAction.php(49): UserController->actionTest()
#4 C:\xampp\htdocs\yii\framework\web\CController.php(308): CInlineAction->runWithParams()
#5 C:\xampp\htdocs\yii\framework\web\CController.php(286): UserController->runAction()
#6 C:\xampp\htdocs\yii\framework\web\CController.php(265): UserController->runActionWithFilters()
#7 C:\xampp\htdocs\yii\framework\web\CWebApplication.php(282): UserController->run()
#8 C:\xampp\htdocs\yii\framework\web\CWebApplication.php(141): CWebApplication->runController()
#9 C:\xampp\htdocs\yii\framework\base\CApplication.php(184): CWebApplication->processRequest()
#10 C:\xampp\htdocs\yii\test\index.php(13): CWebApplication->run()
REQUEST_URI=/yii/test/index.php/user/test
in C:\xampp\htdocs\yii\test\protected\views\User\test.php (4)
in C:\xampp\htdocs\yii\test\protected\controllers\UserController.php (41)
in C:\xampp\htdocs\yii\test\index.php (13)
2015/08/31 21:23:08 [error] [exception.CHttpException.400] exception 'CHttpException' with message 'Twoje żądanie jest nieprawidłowe.' in C:\xampp\htdocs\yii\framework\web\CController.php:336
Stack trace:
#0 C:\xampp\htdocs\yii\framework\web\CController.php(309): CController->invalidActionParams(Object(CInlineAction))
#1 C:\xampp\htdocs\yii\framework\web\CController.php(286): CController->runAction(Object(CInlineAction))
#2 C:\xampp\htdocs\yii\framework\web\CController.php(265): CController->runActionWithFilters(Object(CInlineAction), Array)
#3 C:\xampp\htdocs\yii\framework\web\CWebApplication.php(282): CController->run('test')
#4 C:\xampp\htdocs\yii\framework\web\CWebApplication.php(141): CWebApplication->runController('user/test')
#5 C:\xampp\htdocs\yii\framework\base\CApplication.php(184): CWebApplication->processRequest()
#6 C:\xampp\htdocs\yii\test\index.php(13): CApplication->run()
#7 {main}
REQUEST_URI=/yii/test/index.php/user/test
HTTP_REFERER=http://localhost/yii/test/user
---
