2015/09/01 20:40:48 [error] [exception.CHttpException.404] exception 'CHttpException' with message 'System nie może odnaleźć żądanej akcji "index".' in C:\xampp\htdocs\yii\framework\web\CController.php:483
Stack trace:
#0 C:\xampp\htdocs\yii\framework\web\CController.php(270): CController->missingAction('')
#1 C:\xampp\htdocs\yii\framework\web\CWebApplication.php(282): CController->run('')
#2 C:\xampp\htdocs\yii\framework\web\CWebApplication.php(141): CWebApplication->runController('formularztypy')
#3 C:\xampp\htdocs\yii\framework\base\CApplication.php(184): CWebApplication->processRequest()
#4 C:\xampp\htdocs\yii\test\index.php(13): CApplication->run()
#5 {main}
REQUEST_URI=/yii/test/formularztypy/
---
2015/09/01 20:41:54 [error] [exception.CHttpException.404] exception 'CHttpException' with message 'System nie może odnaleźć żądanej akcji "index".' in C:\xampp\htdocs\yii\framework\web\CController.php:483
Stack trace:
#0 C:\xampp\htdocs\yii\framework\web\CController.php(270): CController->missingAction('')
#1 C:\xampp\htdocs\yii\framework\web\CWebApplication.php(282): CController->run('')
#2 C:\xampp\htdocs\yii\framework\web\CWebApplication.php(141): CWebApplication->runController('formularztypy')
#3 C:\xampp\htdocs\yii\framework\base\CApplication.php(184): CWebApplication->processRequest()
#4 C:\xampp\htdocs\yii\test\index.php(13): CApplication->run()
#5 {main}
REQUEST_URI=/yii/test/formularztypy/
---
2015/09/01 20:41:59 [error] [exception.CHttpException.404] exception 'CHttpException' with message 'System nie może odnaleźć żądanej akcji "index".' in C:\xampp\htdocs\yii\framework\web\CController.php:483
Stack trace:
#0 C:\xampp\htdocs\yii\framework\web\CController.php(270): CController->missingAction('')
#1 C:\xampp\htdocs\yii\framework\web\CWebApplication.php(282): CController->run('')
#2 C:\xampp\htdocs\yii\framework\web\CWebApplication.php(141): CWebApplication->runController('formularztypy')
#3 C:\xampp\htdocs\yii\framework\base\CApplication.php(184): CWebApplication->processRequest()
#4 C:\xampp\htdocs\yii\test\index.php(13): CApplication->run()
#5 {main}
REQUEST_URI=/yii/test/formularztypy/
---
2015/09/01 20:42:00 [error] [exception.CException] exception 'CException' with message 'Klasa FormularzTypyController i jej zachowania nie posiadają metody lub domknięcia "red1rect".' in C:\xampp\htdocs\yii\framework\base\CComponent.php:266
Stack trace:
#0 C:\xampp\htdocs\yii\test\protected\controllers\FormularzTypyController.php(13): CComponent->__call('red1rect', Array)
#1 C:\xampp\htdocs\yii\test\protected\controllers\FormularzTypyController.php(13): FormularzTypyController->red1rect('p rzekierowanie...')
#2 C:\xampp\htdocs\yii\framework\web\actions\CInlineAction.php(49): FormularzTypyController->actionTekst()
#3 C:\xampp\htdocs\yii\framework\web\CController.php(308): CInlineAction->runWithParams(Array)
#4 C:\xampp\htdocs\yii\framework\web\CController.php(286): CController->runAction(Object(CInlineAction))
#5 C:\xampp\htdocs\yii\framework\web\CController.php(265): CController->runActionWithFilters(Object(CInlineAction), Array)
#6 C:\xampp\htdocs\yii\framework\web\CWebApplication.php(282): CController->run('tekst')
#7 C:\xampp\htdocs\yii\framework\web\CWebApplication.php(141): CWebApplication->runController('formularztypy/t...')
#8 C:\xampp\htdocs\yii\framework\base\CApplication.php(184): CWebApplication->processRequest()
#9 C:\xampp\htdocs\yii\test\index.php(13): CApplication->run()
#10 {main}
REQUEST_URI=/yii/test/formularztypy/tekst
---
2015/09/01 20:42:16 [error] [exception.CException] exception 'CException' with message 'Klasa FormularzTypyController i jej zachowania nie posiadają metody lub domknięcia "red1rect".' in C:\xampp\htdocs\yii\framework\base\CComponent.php:266
Stack trace:
#0 C:\xampp\htdocs\yii\test\protected\controllers\FormularzTypyController.php(13): CComponent->__call('red1rect', Array)
#1 C:\xampp\htdocs\yii\test\protected\controllers\FormularzTypyController.php(13): FormularzTypyController->red1rect('test/user')
#2 C:\xampp\htdocs\yii\framework\web\actions\CInlineAction.php(49): FormularzTypyController->actionTekst()
#3 C:\xampp\htdocs\yii\framework\web\CController.php(308): CInlineAction->runWithParams(Array)
#4 C:\xampp\htdocs\yii\framework\web\CController.php(286): CController->runAction(Object(CInlineAction))
#5 C:\xampp\htdocs\yii\framework\web\CController.php(265): CController->runActionWithFilters(Object(CInlineAction), Array)
#6 C:\xampp\htdocs\yii\framework\web\CWebApplication.php(282): CController->run('tekst')
#7 C:\xampp\htdocs\yii\framework\web\CWebApplication.php(141): CWebApplication->runController('formularztypy/t...')
#8 C:\xampp\htdocs\yii\framework\base\CApplication.php(184): CWebApplication->processRequest()
#9 C:\xampp\htdocs\yii\test\index.php(13): CApplication->run()
#10 {main}
REQUEST_URI=/yii/test/formularztypy/tekst
---
2015/09/01 20:42:30 [error] [exception.CHttpException.404] exception 'CHttpException' with message 'System nie może odnaleźć żądanej akcji "test".' in C:\xampp\htdocs\yii\framework\web\CController.php:483
Stack trace:
#0 C:\xampp\htdocs\yii\framework\web\CController.php(270): CController->missingAction('test')
#1 C:\xampp\htdocs\yii\framework\web\CWebApplication.php(282): CController->run('test')
#2 C:\xampp\htdocs\yii\framework\web\CWebApplication.php(141): CWebApplication->runController('formularztypy/t...')
#3 C:\xampp\htdocs\yii\framework\base\CApplication.php(184): CWebApplication->processRequest()
#4 C:\xampp\htdocs\yii\test\index.php(13): CApplication->run()
#5 {main}
REQUEST_URI=/yii/test/formularztypy/test/user
---
2015/09/01 20:43:48 [error] [exception.CHttpException.404] exception 'CHttpException' with message 'System nie może odnaleźć żądanej akcji "test".' in C:\xampp\htdocs\yii\framework\web\CController.php:483
Stack trace:
#0 C:\xampp\htdocs\yii\framework\web\CController.php(270): CController->missingAction('test')
#1 C:\xampp\htdocs\yii\framework\web\CWebApplication.php(282): CController->run('test')
#2 C:\xampp\htdocs\yii\framework\web\CWebApplication.php(141): CWebApplication->runController('formularztypy/t...')
#3 C:\xampp\htdocs\yii\framework\base\CApplication.php(184): CWebApplication->processRequest()
#4 C:\xampp\htdocs\yii\test\index.php(13): CApplication->run()
#5 {main}
REQUEST_URI=/yii/test/formularztypy/test/user
---
2015/09/01 20:43:49 [error] [exception.CHttpException.404] exception 'CHttpException' with message 'System nie może odnaleźć żądanej akcji "test".' in C:\xampp\htdocs\yii\framework\web\CController.php:483
Stack trace:
#0 C:\xampp\htdocs\yii\framework\web\CController.php(270): CController->missingAction('test')
#1 C:\xampp\htdocs\yii\framework\web\CWebApplication.php(282): CController->run('test')
#2 C:\xampp\htdocs\yii\framework\web\CWebApplication.php(141): CWebApplication->runController('formularztypy/t...')
#3 C:\xampp\htdocs\yii\framework\base\CApplication.php(184): CWebApplication->processRequest()
#4 C:\xampp\htdocs\yii\test\index.php(13): CApplication->run()
#5 {main}
REQUEST_URI=/yii/test/formularztypy/test/user
---
2015/09/01 20:43:50 [error] [exception.CHttpException.404] exception 'CHttpException' with message 'System nie może odnaleźć żądanej akcji "test".' in C:\xampp\htdocs\yii\framework\web\CController.php:483
Stack trace:
#0 C:\xampp\htdocs\yii\framework\web\CController.php(270): CController->missingAction('test')
#1 C:\xampp\htdocs\yii\framework\web\CWebApplication.php(282): CController->run('test')
#2 C:\xampp\htdocs\yii\framework\web\CWebApplication.php(141): CWebApplication->runController('formularztypy/t...')
#3 C:\xampp\htdocs\yii\framework\base\CApplication.php(184): CWebApplication->processRequest()
#4 C:\xampp\htdocs\yii\test\index.php(13): CApplication->run()
#5 {main}
REQUEST_URI=/yii/test/formularztypy/test/user
---
2015/09/01 20:44:04 [error] [exception.CHttpException.404] exception 'CHttpException' with message 'System nie może odnaleźć żądanej akcji "test".' in C:\xampp\htdocs\yii\framework\web\CController.php:483
Stack trace:
#0 C:\xampp\htdocs\yii\framework\web\CController.php(270): CController->missingAction('test')
#1 C:\xampp\htdocs\yii\framework\web\CWebApplication.php(282): CController->run('test')
#2 C:\xampp\htdocs\yii\framework\web\CWebApplication.php(141): CWebApplication->runController('formularztypy/t...')
#3 C:\xampp\htdocs\yii\framework\base\CApplication.php(184): CWebApplication->processRequest()
#4 C:\xampp\htdocs\yii\test\index.php(13): CApplication->run()
#5 {main}
REQUEST_URI=/yii/test/formularztypy/test/user
---
2015/09/01 20:44:05 [error] [exception.CHttpException.404] exception 'CHttpException' with message 'System nie może odnaleźć żądanej akcji "test".' in C:\xampp\htdocs\yii\framework\web\CController.php:483
Stack trace:
#0 C:\xampp\htdocs\yii\framework\web\CController.php(270): CController->missingAction('test')
#1 C:\xampp\htdocs\yii\framework\web\CWebApplication.php(282): CController->run('test')
#2 C:\xampp\htdocs\yii\framework\web\CWebApplication.php(141): CWebApplication->runController('formularztypy/t...')
#3 C:\xampp\htdocs\yii\framework\base\CApplication.php(184): CWebApplication->processRequest()
#4 C:\xampp\htdocs\yii\test\index.php(13): CApplication->run()
#5 {main}
REQUEST_URI=/yii/test/formularztypy/test/user
---
2015/09/01 20:44:10 [error] [exception.CHttpException.404] exception 'CHttpException' with message 'System nie może odnaleźć żądanej akcji "index".' in C:\xampp\htdocs\yii\framework\web\CController.php:483
Stack trace:
#0 C:\xampp\htdocs\yii\framework\web\CController.php(270): CController->missingAction('')
#1 C:\xampp\htdocs\yii\framework\web\CWebApplication.php(282): CController->run('')
#2 C:\xampp\htdocs\yii\framework\web\CWebApplication.php(141): CWebApplication->runController('formularztypy')
#3 C:\xampp\htdocs\yii\framework\base\CApplication.php(184): CWebApplication->processRequest()
#4 C:\xampp\htdocs\yii\test\index.php(13): CApplication->run()
#5 {main}
REQUEST_URI=/yii/test/formularztypy/
---
2015/09/01 20:44:14 [error] [exception.CHttpException.404] exception 'CHttpException' with message 'System nie może odnaleźć żądanej akcji "test".' in C:\xampp\htdocs\yii\framework\web\CController.php:483
Stack trace:
#0 C:\xampp\htdocs\yii\framework\web\CController.php(270): CController->missingAction('test')
#1 C:\xampp\htdocs\yii\framework\web\CWebApplication.php(282): CController->run('test')
#2 C:\xampp\htdocs\yii\framework\web\CWebApplication.php(141): CWebApplication->runController('formularztypy/t...')
#3 C:\xampp\htdocs\yii\framework\base\CApplication.php(184): CWebApplication->processRequest()
#4 C:\xampp\htdocs\yii\test\index.php(13): CApplication->run()
#5 {main}
REQUEST_URI=/yii/test/formularztypy/test/user
---
2015/09/01 20:44:26 [error] [exception.CHttpException.404] exception 'CHttpException' with message 'System nie może odnaleźć żądanej akcji "user".' in C:\xampp\htdocs\yii\framework\web\CController.php:483
Stack trace:
#0 C:\xampp\htdocs\yii\framework\web\CController.php(270): CController->missingAction('user')
#1 C:\xampp\htdocs\yii\framework\web\CWebApplication.php(282): CController->run('user')
#2 C:\xampp\htdocs\yii\framework\web\CWebApplication.php(141): CWebApplication->runController('formularztypy/u...')
#3 C:\xampp\htdocs\yii\framework\base\CApplication.php(184): CWebApplication->processRequest()
#4 C:\xampp\htdocs\yii\test\index.php(13): CApplication->run()
#5 {main}
REQUEST_URI=/yii/test/formularztypy/user
---
2015/09/01 20:49:03 [error] [exception.CHttpException.404] exception 'CHttpException' with message 'System nie może odnaleźć żądanej akcji "user".' in C:\xampp\htdocs\yii\framework\web\CController.php:483
Stack trace:
#0 C:\xampp\htdocs\yii\framework\web\CController.php(270): CController->missingAction('user')
#1 C:\xampp\htdocs\yii\framework\web\CWebApplication.php(282): CController->run('user')
#2 C:\xampp\htdocs\yii\framework\web\CWebApplication.php(141): CWebApplication->runController('formularztypy/u...')
#3 C:\xampp\htdocs\yii\framework\base\CApplication.php(184): CWebApplication->processRequest()
#4 C:\xampp\htdocs\yii\test\index.php(13): CApplication->run()
#5 {main}
REQUEST_URI=/yii/test/formularztypy/user
---
2015/09/01 20:49:08 [error] [exception.CException] exception 'CException' with message 'Klasa CWebUser i jej zachowania nie posiadają metody lub domknięcia "hasFIash".' in C:\xampp\htdocs\yii\framework\base\CComponent.php:266
Stack trace:
#0 C:\xampp\htdocs\yii\test\protected\controllers\FormularzTypyController.php(35): CComponent->__call('hasFIash', Array)
#1 C:\xampp\htdocs\yii\test\protected\controllers\FormularzTypyController.php(35): CWebUser->hasFIash('test')
#2 C:\xampp\htdocs\yii\framework\web\actions\CInlineAction.php(49): FormularzTypyController->actionFlash()
#3 C:\xampp\htdocs\yii\framework\web\CController.php(308): CInlineAction->runWithParams(Array)
#4 C:\xampp\htdocs\yii\framework\web\CController.php(286): CController->runAction(Object(CInlineAction))
#5 C:\xampp\htdocs\yii\framework\web\CController.php(265): CController->runActionWithFilters(Object(CInlineAction), Array)
#6 C:\xampp\htdocs\yii\framework\web\CWebApplication.php(282): CController->run('flash')
#7 C:\xampp\htdocs\yii\framework\web\CWebApplication.php(141): CWebApplication->runController('formularztypy/f...')
#8 C:\xampp\htdocs\yii\framework\base\CApplication.php(184): CWebApplication->processRequest()
#9 C:\xampp\htdocs\yii\test\index.php(13): CApplication->run()
#10 {main}
REQUEST_URI=/yii/test/formularztypy/flash
---
2015/09/01 20:52:32 [error] [exception.CHttpException.404] exception 'CHttpException' with message 'System nie może odnaleźć żądanej akcji "user".' in C:\xampp\htdocs\yii\framework\web\CController.php:483
Stack trace:
#0 C:\xampp\htdocs\yii\framework\web\CController.php(270): CController->missingAction('user')
#1 C:\xampp\htdocs\yii\framework\web\CWebApplication.php(282): CController->run('user')
#2 C:\xampp\htdocs\yii\framework\web\CWebApplication.php(141): CWebApplication->runController('formularztypy/u...')
#3 C:\xampp\htdocs\yii\framework\base\CApplication.php(184): CWebApplication->processRequest()
#4 C:\xampp\htdocs\yii\test\index.php(13): CApplication->run()
#5 {main}
REQUEST_URI=/yii/test/formularztypy/user
---
2015/09/01 20:52:35 [error] [exception.CHttpException.404] exception 'CHttpException' with message 'System nie może odnaleźć żądanej akcji "user".' in C:\xampp\htdocs\yii\framework\web\CController.php:483
Stack trace:
#0 C:\xampp\htdocs\yii\framework\web\CController.php(270): CController->missingAction('user')
#1 C:\xampp\htdocs\yii\framework\web\CWebApplication.php(282): CController->run('user')
#2 C:\xampp\htdocs\yii\framework\web\CWebApplication.php(141): CWebApplication->runController('formularztypy/u...')
#3 C:\xampp\htdocs\yii\framework\base\CApplication.php(184): CWebApplication->processRequest()
#4 C:\xampp\htdocs\yii\test\index.php(13): CApplication->run()
#5 {main}
REQUEST_URI=/yii/test/formularztypy/user
---
2015/09/01 20:52:35 [error] [exception.CHttpException.404] exception 'CHttpException' with message 'System nie może odnaleźć żądanej akcji "user".' in C:\xampp\htdocs\yii\framework\web\CController.php:483
Stack trace:
#0 C:\xampp\htdocs\yii\framework\web\CController.php(270): CController->missingAction('user')
#1 C:\xampp\htdocs\yii\framework\web\CWebApplication.php(282): CController->run('user')
#2 C:\xampp\htdocs\yii\framework\web\CWebApplication.php(141): CWebApplication->runController('formularztypy/u...')
#3 C:\xampp\htdocs\yii\framework\base\CApplication.php(184): CWebApplication->processRequest()
#4 C:\xampp\htdocs\yii\test\index.php(13): CApplication->run()
#5 {main}
REQUEST_URI=/yii/test/formularztypy/user
---
2015/09/01 20:53:04 [error] [exception.CHttpException.404] exception 'CHttpException' with message 'System nie może odnaleźć żądanej akcji "user".' in C:\xampp\htdocs\yii\framework\web\CController.php:483
Stack trace:
#0 C:\xampp\htdocs\yii\framework\web\CController.php(270): CController->missingAction('user')
#1 C:\xampp\htdocs\yii\framework\web\CWebApplication.php(282): CController->run('user')
#2 C:\xampp\htdocs\yii\framework\web\CWebApplication.php(141): CWebApplication->runController('formularztypy/u...')
#3 C:\xampp\htdocs\yii\framework\base\CApplication.php(184): CWebApplication->processRequest()
#4 C:\xampp\htdocs\yii\test\index.php(13): CApplication->run()
#5 {main}
REQUEST_URI=/yii/test/formularztypy/user
---
2015/09/01 20:53:05 [error] [exception.CHttpException.404] exception 'CHttpException' with message 'System nie może odnaleźć żądanej akcji "user".' in C:\xampp\htdocs\yii\framework\web\CController.php:483
Stack trace:
#0 C:\xampp\htdocs\yii\framework\web\CController.php(270): CController->missingAction('user')
#1 C:\xampp\htdocs\yii\framework\web\CWebApplication.php(282): CController->run('user')
#2 C:\xampp\htdocs\yii\framework\web\CWebApplication.php(141): CWebApplication->runController('formularztypy/u...')
#3 C:\xampp\htdocs\yii\framework\base\CApplication.php(184): CWebApplication->processRequest()
#4 C:\xampp\htdocs\yii\test\index.php(13): CApplication->run()
#5 {main}
REQUEST_URI=/yii/test/formularztypy/user
---
2015/09/01 20:53:24 [error] [exception.CHttpException.404] exception 'CHttpException' with message 'System nie może odnaleźć żądanej akcji "user".' in C:\xampp\htdocs\yii\framework\web\CController.php:483
Stack trace:
#0 C:\xampp\htdocs\yii\framework\web\CController.php(270): CController->missingAction('user')
#1 C:\xampp\htdocs\yii\framework\web\CWebApplication.php(282): CController->run('user')
#2 C:\xampp\htdocs\yii\framework\web\CWebApplication.php(141): CWebApplication->runController('formularztypy/u...')
#3 C:\xampp\htdocs\yii\framework\base\CApplication.php(184): CWebApplication->processRequest()
#4 C:\xampp\htdocs\yii\test\index.php(13): CApplication->run()
#5 {main}
REQUEST_URI=/yii/test/formularztypy/user
---
2015/09/01 20:53:26 [error] [exception.CHttpException.404] exception 'CHttpException' with message 'System nie może odnaleźć żądanej akcji "test".' in C:\xampp\htdocs\yii\framework\web\CController.php:483
Stack trace:
#0 C:\xampp\htdocs\yii\framework\web\CController.php(270): CController->missingAction('test')
#1 C:\xampp\htdocs\yii\framework\web\CWebApplication.php(282): CController->run('test')
#2 C:\xampp\htdocs\yii\framework\web\CWebApplication.php(141): CWebApplication->runController('formularztypy/t...')
#3 C:\xampp\htdocs\yii\framework\base\CApplication.php(184): CWebApplication->processRequest()
#4 C:\xampp\htdocs\yii\test\index.php(13): CApplication->run()
#5 {main}
REQUEST_URI=/yii/test/formularztypy/test/user
---
2015/09/01 20:53:28 [error] [exception.CHttpException.404] exception 'CHttpException' with message 'System nie może odnaleźć żądanej akcji "user".' in C:\xampp\htdocs\yii\framework\web\CController.php:483
Stack trace:
#0 C:\xampp\htdocs\yii\framework\web\CController.php(270): CController->missingAction('user')
#1 C:\xampp\htdocs\yii\framework\web\CWebApplication.php(282): CController->run('user')
#2 C:\xampp\htdocs\yii\framework\web\CWebApplication.php(141): CWebApplication->runController('formularztypy/u...')
#3 C:\xampp\htdocs\yii\framework\base\CApplication.php(184): CWebApplication->processRequest()
#4 C:\xampp\htdocs\yii\test\index.php(13): CApplication->run()
#5 {main}
REQUEST_URI=/yii/test/formularztypy/user
---
2015/09/01 20:55:33 [error] [exception.CException] exception 'CException' with message 'Klasa CWebApplication i jej zachowania nie posiadają metody lub domknięcia "getFlash".' in C:\xampp\htdocs\yii\framework\base\CComponent.php:266
Stack trace:
#0 C:\xampp\htdocs\yii\test\protected\controllers\FormularzTypyController.php(15): CComponent->__call('getFlash', Array)
#1 C:\xampp\htdocs\yii\test\protected\controllers\FormularzTypyController.php(15): CWebApplication->getFlash()
#2 C:\xampp\htdocs\yii\framework\web\actions\CInlineAction.php(49): FormularzTypyController->actionTekst()
#3 C:\xampp\htdocs\yii\framework\web\CController.php(308): CInlineAction->runWithParams(Array)
#4 C:\xampp\htdocs\yii\framework\web\CController.php(286): CController->runAction(Object(CInlineAction))
#5 C:\xampp\htdocs\yii\framework\web\CController.php(265): CController->runActionWithFilters(Object(CInlineAction), Array)
#6 C:\xampp\htdocs\yii\framework\web\CWebApplication.php(282): CController->run('tekst')
#7 C:\xampp\htdocs\yii\framework\web\CWebApplication.php(141): CWebApplication->runController('formularztypy/t...')
#8 C:\xampp\htdocs\yii\framework\base\CApplication.php(184): CWebApplication->processRequest()
#9 C:\xampp\htdocs\yii\test\index.php(13): CApplication->run()
#10 {main}
REQUEST_URI=/yii/test/formularztypy/tekst
---
2015/09/01 20:55:56 [error] [exception.CException] exception 'CException' with message 'Klasa CWebApplication i jej zachowania nie posiadają metody lub domknięcia "getFlash".' in C:\xampp\htdocs\yii\framework\base\CComponent.php:266
Stack trace:
#0 C:\xampp\htdocs\yii\test\protected\controllers\FormularzTypyController.php(15): CComponent->__call('getFlash', Array)
#1 C:\xampp\htdocs\yii\test\protected\controllers\FormularzTypyController.php(15): CWebApplication->getFlash('test')
#2 C:\xampp\htdocs\yii\framework\web\actions\CInlineAction.php(49): FormularzTypyController->actionTekst()
#3 C:\xampp\htdocs\yii\framework\web\CController.php(308): CInlineAction->runWithParams(Array)
#4 C:\xampp\htdocs\yii\framework\web\CController.php(286): CController->runAction(Object(CInlineAction))
#5 C:\xampp\htdocs\yii\framework\web\CController.php(265): CController->runActionWithFilters(Object(CInlineAction), Array)
#6 C:\xampp\htdocs\yii\framework\web\CWebApplication.php(282): CController->run('tekst')
#7 C:\xampp\htdocs\yii\framework\web\CWebApplication.php(141): CWebApplication->runController('formularztypy/t...')
#8 C:\xampp\htdocs\yii\framework\base\CApplication.php(184): CWebApplication->processRequest()
#9 C:\xampp\htdocs\yii\test\index.php(13): CApplication->run()
#10 {main}
REQUEST_URI=/yii/test/formularztypy/tekst
---
2015/09/01 20:55:57 [error] [exception.CException] exception 'CException' with message 'Klasa CWebApplication i jej zachowania nie posiadają metody lub domknięcia "getFlash".' in C:\xampp\htdocs\yii\framework\base\CComponent.php:266
Stack trace:
#0 C:\xampp\htdocs\yii\test\protected\controllers\FormularzTypyController.php(15): CComponent->__call('getFlash', Array)
#1 C:\xampp\htdocs\yii\test\protected\controllers\FormularzTypyController.php(15): CWebApplication->getFlash('test')
#2 C:\xampp\htdocs\yii\framework\web\actions\CInlineAction.php(49): FormularzTypyController->actionTekst()
#3 C:\xampp\htdocs\yii\framework\web\CController.php(308): CInlineAction->runWithParams(Array)
#4 C:\xampp\htdocs\yii\framework\web\CController.php(286): CController->runAction(Object(CInlineAction))
#5 C:\xampp\htdocs\yii\framework\web\CController.php(265): CController->runActionWithFilters(Object(CInlineAction), Array)
#6 C:\xampp\htdocs\yii\framework\web\CWebApplication.php(282): CController->run('tekst')
#7 C:\xampp\htdocs\yii\framework\web\CWebApplication.php(141): CWebApplication->runController('formularztypy/t...')
#8 C:\xampp\htdocs\yii\framework\base\CApplication.php(184): CWebApplication->processRequest()
#9 C:\xampp\htdocs\yii\test\index.php(13): CApplication->run()
#10 {main}
REQUEST_URI=/yii/test/formularztypy/tekst
---
2015/09/01 20:56:11 [error] [exception.CException] exception 'CException' with message 'Klasa CWebApplication i jej zachowania nie posiadają metody lub domknięcia "getFlash".' in C:\xampp\htdocs\yii\framework\base\CComponent.php:266
Stack trace:
#0 C:\xampp\htdocs\yii\test\protected\controllers\FormularzTypyController.php(15): CComponent->__call('getFlash', Array)
#1 C:\xampp\htdocs\yii\test\protected\controllers\FormularzTypyController.php(15): CWebApplication->getFlash('test')
#2 C:\xampp\htdocs\yii\framework\web\actions\CInlineAction.php(49): FormularzTypyController->actionTekst()
#3 C:\xampp\htdocs\yii\framework\web\CController.php(308): CInlineAction->runWithParams(Array)
#4 C:\xampp\htdocs\yii\framework\web\CController.php(286): CController->runAction(Object(CInlineAction))
#5 C:\xampp\htdocs\yii\framework\web\CController.php(265): CController->runActionWithFilters(Object(CInlineAction), Array)
#6 C:\xampp\htdocs\yii\framework\web\CWebApplication.php(282): CController->run('tekst')
#7 C:\xampp\htdocs\yii\framework\web\CWebApplication.php(141): CWebApplication->runController('formularztypy/t...')
#8 C:\xampp\htdocs\yii\framework\base\CApplication.php(184): CWebApplication->processRequest()
#9 C:\xampp\htdocs\yii\test\index.php(13): CApplication->run()
#10 {main}
REQUEST_URI=/yii/test/formularztypy/tekst
---
2015/09/01 21:03:37 [error] [exception.CException] exception 'CException' with message 'Klasa CWebApplication i jej zachowania nie posiadają metody lub domknięcia "getFlash".' in C:\xampp\htdocs\yii\framework\base\CComponent.php:266
Stack trace:
#0 C:\xampp\htdocs\yii\test\protected\controllers\FormularzTypyController.php(15): CComponent->__call('getFlash', Array)
#1 C:\xampp\htdocs\yii\test\protected\controllers\FormularzTypyController.php(15): CWebApplication->getFlash('test')
#2 C:\xampp\htdocs\yii\framework\web\actions\CInlineAction.php(49): FormularzTypyController->actionTekst()
#3 C:\xampp\htdocs\yii\framework\web\CController.php(308): CInlineAction->runWithParams(Array)
#4 C:\xampp\htdocs\yii\framework\web\CController.php(286): CController->runAction(Object(CInlineAction))
#5 C:\xampp\htdocs\yii\framework\web\CController.php(265): CController->runActionWithFilters(Object(CInlineAction), Array)
#6 C:\xampp\htdocs\yii\framework\web\CWebApplication.php(282): CController->run('tekst')
#7 C:\xampp\htdocs\yii\framework\web\CWebApplication.php(141): CWebApplication->runController('formularztypy/t...')
#8 C:\xampp\htdocs\yii\framework\base\CApplication.php(184): CWebApplication->processRequest()
#9 C:\xampp\htdocs\yii\test\index.php(13): CApplication->run()
#10 {main}
REQUEST_URI=/yii/test/formularztypy/tekst
---
2015/09/01 21:03:38 [error] [exception.CException] exception 'CException' with message 'Klasa CWebApplication i jej zachowania nie posiadają metody lub domknięcia "getFlash".' in C:\xampp\htdocs\yii\framework\base\CComponent.php:266
Stack trace:
#0 C:\xampp\htdocs\yii\test\protected\controllers\FormularzTypyController.php(15): CComponent->__call('getFlash', Array)
#1 C:\xampp\htdocs\yii\test\protected\controllers\FormularzTypyController.php(15): CWebApplication->getFlash('test')
#2 C:\xampp\htdocs\yii\framework\web\actions\CInlineAction.php(49): FormularzTypyController->actionTekst()
#3 C:\xampp\htdocs\yii\framework\web\CController.php(308): CInlineAction->runWithParams(Array)
#4 C:\xampp\htdocs\yii\framework\web\CController.php(286): CController->runAction(Object(CInlineAction))
#5 C:\xampp\htdocs\yii\framework\web\CController.php(265): CController->runActionWithFilters(Object(CInlineAction), Array)
#6 C:\xampp\htdocs\yii\framework\web\CWebApplication.php(282): CController->run('tekst')
#7 C:\xampp\htdocs\yii\framework\web\CWebApplication.php(141): CWebApplication->runController('formularztypy/t...')
#8 C:\xampp\htdocs\yii\framework\base\CApplication.php(184): CWebApplication->processRequest()
#9 C:\xampp\htdocs\yii\test\index.php(13): CApplication->run()
#10 {main}
REQUEST_URI=/yii/test/formularztypy/tekst
---
2015/09/01 21:03:40 [error] [exception.CException] exception 'CException' with message 'Klasa CWebApplication i jej zachowania nie posiadają metody lub domknięcia "getFlash".' in C:\xampp\htdocs\yii\framework\base\CComponent.php:266
Stack trace:
#0 C:\xampp\htdocs\yii\test\protected\controllers\FormularzTypyController.php(15): CComponent->__call('getFlash', Array)
#1 C:\xampp\htdocs\yii\test\protected\controllers\FormularzTypyController.php(15): CWebApplication->getFlash('test')
#2 C:\xampp\htdocs\yii\framework\web\actions\CInlineAction.php(49): FormularzTypyController->actionTekst()
#3 C:\xampp\htdocs\yii\framework\web\CController.php(308): CInlineAction->runWithParams(Array)
#4 C:\xampp\htdocs\yii\framework\web\CController.php(286): CController->runAction(Object(CInlineAction))
#5 C:\xampp\htdocs\yii\framework\web\CController.php(265): CController->runActionWithFilters(Object(CInlineAction), Array)
#6 C:\xampp\htdocs\yii\framework\web\CWebApplication.php(282): CController->run('tekst')
#7 C:\xampp\htdocs\yii\framework\web\CWebApplication.php(141): CWebApplication->runController('formularztypy/t...')
#8 C:\xampp\htdocs\yii\framework\base\CApplication.php(184): CWebApplication->processRequest()
#9 C:\xampp\htdocs\yii\test\index.php(13): CApplication->run()
#10 {main}
REQUEST_URI=/yii/test/formularztypy/tekst
---
2015/09/01 21:09:02 [error] [exception.CException] exception 'CException' with message 'Kontroler FormularzTypyController nie może znaleźć wymaganego widoku "index".' in C:\xampp\htdocs\yii\framework\web\CController.php:878
Stack trace:
#0 C:\xampp\htdocs\yii\framework\web\CController.php(782): CController->renderPartial('index', NULL, true)
#1 C:\xampp\htdocs\yii\test\protected\controllers\FormularzTypyController.php(37): CController->render('index')
#2 C:\xampp\htdocs\yii\framework\web\actions\CInlineAction.php(49): FormularzTypyController->actionIndex()
#3 C:\xampp\htdocs\yii\framework\web\CController.php(308): CInlineAction->runWithParams(Array)
#4 C:\xampp\htdocs\yii\framework\web\CController.php(286): CController->runAction(Object(CInlineAction))
#5 C:\xampp\htdocs\yii\framework\web\CController.php(265): CController->runActionWithFilters(Object(CInlineAction), Array)
#6 C:\xampp\htdocs\yii\framework\web\CWebApplication.php(282): CController->run('index')
#7 C:\xampp\htdocs\yii\framework\web\CWebApplication.php(141): CWebApplication->runController('formularztypy/i...')
#8 C:\xampp\htdocs\yii\framework\base\CApplication.php(184): CWebApplication->processRequest()
#9 C:\xampp\htdocs\yii\test\index.php(13): CApplication->run()
#10 {main}
REQUEST_URI=/yii/test/formularztypy/index
---
2015/09/01 21:10:16 [error] [exception.CHttpException.404] exception 'CHttpException' with message 'System nie może odnaleźć żądanej akcji "user".' in C:\xampp\htdocs\yii\framework\web\CController.php:483
Stack trace:
#0 C:\xampp\htdocs\yii\framework\web\CController.php(270): CController->missingAction('user')
#1 C:\xampp\htdocs\yii\framework\web\CWebApplication.php(282): CController->run('user')
#2 C:\xampp\htdocs\yii\framework\web\CWebApplication.php(141): CWebApplication->runController('formularztypy/u...')
#3 C:\xampp\htdocs\yii\framework\base\CApplication.php(184): CWebApplication->processRequest()
#4 C:\xampp\htdocs\yii\test\index.php(13): CApplication->run()
#5 {main}
REQUEST_URI=/yii/test/formularztypy/user
---
